<?xml version="1.0" encoding="UTF-8"?>
<testsuite xmlns:xsi="http://www.w3.org/2001/XMLSchema-instance" xsi:noNamespaceSchemaLocation="https://maven.apache.org/surefire/maven-surefire-plugin/xsd/surefire-test-report-3.0.xsd" version="3.0" name="com.weather.AppTest" time="0.021" tests="1" errors="0" skipped="0" failures="0">
  <properties>
    <property name="sun.desktop" value="windows"/>
    <property name="awt.toolkit" value="sun.awt.windows.WToolkit"/>
    <property name="java.specification.version" value="11"/>
    <property name="sun.cpu.isalist" value="amd64"/>
    <property name="sun.jnu.encoding" value="Cp1250"/>
    <property name="java.class.path" value="C:\Users\GIGABYTE GAMING\Desktop\PP\Projekty\Java\Application\WeatherApp\target\test-classes;C:\Users\GIGABYTE GAMING\.m2\repository\junit\junit\3.8.1\junit-3.8.1.jar;C:\Users\GIGABYTE GAMING\.m2\repository\org\openjfx\javafx-fxml\11.0.2\javafx-fxml-11.0.2.jar;C:\Users\GIGABYTE GAMING\.m2\repository\org\openjfx\javafx-controls\11.0.2\javafx-controls-11.0.2.jar;C:\Users\GIGABYTE GAMING\.m2\repository\org\openjfx\javafx-graphics\11.0.2\javafx-graphics-11.0.2.jar;C:\Users\GIGABYTE GAMING\.m2\repository\org\openjfx\javafx-base\11.0.2\javafx-base-11.0.2.jar;C:\Users\GIGABYTE GAMING\.m2\repository\org\openjfx\javafx-web\11.0.2\javafx-web-11.0.2.jar;C:\Users\GIGABYTE GAMING\.m2\repository\org\openjfx\javafx-media\11.0.2\javafx-media-11.0.2.jar;C:\Users\GIGABYTE GAMING\.m2\repository\org\apache\httpcomponents\httpcore\4.4.13\httpcore-4.4.13.jar;C:\Users\GIGABYTE GAMING\.m2\repository\commons-logging\commons-logging\1.2\commons-logging-1.2.jar;C:\Users\GIGABYTE GAMING\.m2\repository\commons-codec\commons-codec\1.11\commons-codec-1.11.jar;"/>
    <property name="java.vm.vendor" value="Oracle Corporation"/>
    <property name="sun.arch.data.model" value="64"/>
    <property name="user.variant" value=""/>
    <property name="java.vendor.url" value="http://java.oracle.com/"/>
    <property name="user.timezone" value="Europe/Belgrade"/>
    <property name="java.vm.specification.version" value="11"/>
    <property name="os.name" value="Windows 10"/>
    <property name="sun.java.launcher" value="SUN_STANDARD"/>
    <property name="user.country" value="PL"/>
    <property name="sun.boot.library.path" value="C:\Program Files\Java\jdk-11.0.2\bin"/>
    <property name="sun.java.command" value="org.apache.maven.surefire.booter.ForkedBooter C:\Users\GIGABYTE GAMING\AppData\Local\Temp\surefire14293755826880934355 2023-04-11T03-50-16_480-jvmRun1 surefire-20230411035017078_1tmp surefire_0-20230411035017078_2tmp"/>
    <property name="jdk.debug" value="release"/>
    <property name="surefire.test.class.path" value="C:\Users\GIGABYTE GAMING\Desktop\PP\Projekty\Java\Application\WeatherApp\target\test-classes;C:\Users\GIGABYTE GAMING\.m2\repository\junit\junit\3.8.1\junit-3.8.1.jar;C:\Users\GIGABYTE GAMING\.m2\repository\org\openjfx\javafx-fxml\11.0.2\javafx-fxml-11.0.2.jar;C:\Users\GIGABYTE GAMING\.m2\repository\org\openjfx\javafx-controls\11.0.2\javafx-controls-11.0.2.jar;C:\Users\GIGABYTE GAMING\.m2\repository\org\openjfx\javafx-graphics\11.0.2\javafx-graphics-11.0.2.jar;C:\Users\GIGABYTE GAMING\.m2\repository\org\openjfx\javafx-base\11.0.2\javafx-base-11.0.2.jar;C:\Users\GIGABYTE GAMING\.m2\repository\org\openjfx\javafx-web\11.0.2\javafx-web-11.0.2.jar;C:\Users\GIGABYTE GAMING\.m2\repository\org\openjfx\javafx-media\11.0.2\javafx-media-11.0.2.jar;C:\Users\GIGABYTE GAMING\.m2\repository\org\apache\httpcomponents\httpcore\4.4.13\httpcore-4.4.13.jar;C:\Users\GIGABYTE GAMING\.m2\repository\commons-logging\commons-logging\1.2\commons-logging-1.2.jar;C:\Users\GIGABYTE GAMING\.m2\repository\commons-codec\commons-codec\1.11\commons-codec-1.11.jar;"/>
    <property name="sun.cpu.endian" value="little"/>
    <property name="user.home" value="C:\Users\GIGABYTE GAMING"/>
    <property name="user.language" value="pl"/>
    <property name="java.specification.vendor" value="Oracle Corporation"/>
    <property name="jdk.module.path" value="C:\Users\GIGABYTE GAMING\Desktop\PP\Projekty\Java\Application\WeatherApp\target\classes;C:\Users\GIGABYTE GAMING\.m2\repository\org\openjfx\javafx-fxml\11.0.2\javafx-fxml-11.0.2-win.jar;C:\Users\GIGABYTE GAMING\.m2\repository\org\openjfx\javafx-controls\11.0.2\javafx-controls-11.0.2-win.jar;C:\Users\GIGABYTE GAMING\.m2\repository\org\openjfx\javafx-graphics\11.0.2\javafx-graphics-11.0.2-win.jar;C:\Users\GIGABYTE GAMING\.m2\repository\org\openjfx\javafx-base\11.0.2\javafx-base-11.0.2-win.jar;C:\Users\GIGABYTE GAMING\.m2\repository\org\openjfx\javafx-web\11.0.2\javafx-web-11.0.2-win.jar;C:\Users\GIGABYTE GAMING\.m2\repository\org\openjfx\javafx-media\11.0.2\javafx-media-11.0.2-win.jar;C:\Users\GIGABYTE GAMING\.m2\repository\org\apache\httpcomponents\httpclient\4.5.12\httpclient-4.5.12.jar;C:\Users\GIGABYTE GAMING\.m2\repository\org\json\json\20200518\json-20200518.jar"/>
    <property name="java.version.date" value="2019-01-15"/>
    <property name="java.home" value="C:\Program Files\Java\jdk-11.0.2"/>
    <property name="file.separator" value="\"/>
    <property name="basedir" value="C:\Users\GIGABYTE GAMING\Desktop\PP\Projekty\Java\Application\WeatherApp"/>
    <property name="java.vm.compressedOopsMode" value="32-bit"/>
    <property name="line.separator" value="&#10;"/>
    <property name="java.specification.name" value="Java Platform API Specification"/>
    <property name="java.vm.specification.vendor" value="Oracle Corporation"/>
    <property name="java.awt.graphicsenv" value="sun.awt.Win32GraphicsEnvironment"/>
    <property name="surefire.real.class.path" value="C:\Users\GIGABYTE GAMING\.m2\repository\org\apache\maven\surefire\surefire-booter\3.0.0-M8\surefire-booter-3.0.0-M8.jar;C:\Users\GIGABYTE GAMING\.m2\repository\org\apache\maven\surefire\surefire-api\3.0.0-M8\surefire-api-3.0.0-M8.jar;C:\Users\GIGABYTE GAMING\.m2\repository\org\apache\maven\surefire\surefire-logger-api\3.0.0-M8\surefire-logger-api-3.0.0-M8.jar;C:\Users\GIGABYTE GAMING\.m2\repository\org\apache\maven\surefire\surefire-shared-utils\3.0.0-M8\surefire-shared-utils-3.0.0-M8.jar;C:\Users\GIGABYTE GAMING\.m2\repository\org\apache\maven\surefire\surefire-extensions-spi\3.0.0-M8\surefire-extensions-spi-3.0.0-M8.jar;C:\Users\GIGABYTE GAMING\Desktop\PP\Projekty\Java\Application\WeatherApp\target\test-classes;C:\Users\GIGABYTE GAMING\.m2\repository\junit\junit\3.8.1\junit-3.8.1.jar;C:\Users\GIGABYTE GAMING\.m2\repository\org\openjfx\javafx-fxml\11.0.2\javafx-fxml-11.0.2.jar;C:\Users\GIGABYTE GAMING\.m2\repository\org\openjfx\javafx-controls\11.0.2\javafx-controls-11.0.2.jar;C:\Users\GIGABYTE GAMING\.m2\repository\org\openjfx\javafx-graphics\11.0.2\javafx-graphics-11.0.2.jar;C:\Users\GIGABYTE GAMING\.m2\repository\org\openjfx\javafx-base\11.0.2\javafx-base-11.0.2.jar;C:\Users\GIGABYTE GAMING\.m2\repository\org\openjfx\javafx-web\11.0.2\javafx-web-11.0.2.jar;C:\Users\GIGABYTE GAMING\.m2\repository\org\openjfx\javafx-media\11.0.2\javafx-media-11.0.2.jar;C:\Users\GIGABYTE GAMING\.m2\repository\org\apache\httpcomponents\httpcore\4.4.13\httpcore-4.4.13.jar;C:\Users\GIGABYTE GAMING\.m2\repository\commons-logging\commons-logging\1.2\commons-logging-1.2.jar;C:\Users\GIGABYTE GAMING\.m2\repository\commons-codec\commons-codec\1.11\commons-codec-1.11.jar;C:\Users\GIGABYTE GAMING\.m2\repository\org\apache\maven\surefire\surefire-junit3\3.0.0-M8\surefire-junit3-3.0.0-M8.jar;C:\Users\GIGABYTE GAMING\.m2\repository\org\apache\maven\surefire\common-java5\3.0.0-M8\common-java5-3.0.0-M8.jar;C:\Users\GIGABYTE GAMING\.m2\repository\org\apache\maven\surefire\common-junit3\3.0.0-M8\common-junit3-3.0.0-M8.jar"/>
    <property name="user.script" value=""/>
    <property name="sun.management.compiler" value="HotSpot 64-Bit Tiered Compilers"/>
    <property name="java.runtime.version" value="11.0.2+9"/>
    <property name="user.name" value="GIGABYTE GAMING"/>
    <property name="path.separator" value=";"/>
    <property name="os.version" value="10.0"/>
    <property name="java.runtime.name" value="OpenJDK Runtime Environment"/>
    <property name="file.encoding" value="Cp1250"/>
    <property name="java.vm.name" value="OpenJDK 64-Bit Server VM"/>
    <property name="java.vendor.version" value="18.9"/>
    <property name="localRepository" value="C:\Users\GIGABYTE GAMING\.m2\repository"/>
    <property name="java.vendor.url.bug" value="http://bugreport.java.com/bugreport/"/>
    <property name="java.io.tmpdir" value="C:\Users\GIGABY~1\AppData\Local\Temp\"/>
    <property name="java.version" value="11.0.2"/>
    <property name="user.dir" value="C:\Users\GIGABYTE GAMING\Desktop\PP\Projekty\Java\Application\WeatherApp"/>
    <property name="os.arch" value="amd64"/>
    <property name="java.vm.specification.name" value="Java Virtual Machine Specification"/>
    <property name="java.awt.printerjob" value="sun.awt.windows.WPrinterJob"/>
    <property name="sun.os.patch.level" value=""/>
    <property name="java.library.path" value="C:\Program Files\Java\jdk-11.0.2\bin;C:\WINDOWS\Sun\Java\bin;C:\WINDOWS\system32;C:\WINDOWS;C:\Windows\system32;C:\Windows;C:\Windows\System32\Wbem;C:\Windows\System32\WindowsPowerShell\v1.0\;C:\Program Files (x86)\NVIDIA Corporation\PhysX\Common;C:\WINDOWS\system32;C:\WINDOWS;C:\WINDOWS\System32\Wbem;C:\WINDOWS\System32\WindowsPowerShell\v1.0\;C:\WINDOWS\System32\OpenSSH\;C:\Program Files\NVIDIA Corporation\NVIDIA NvDLISR;C:\WINDOWS\system32;C:\WINDOWS;C:\WINDOWS\System32\Wbem;C:\WINDOWS\System32\WindowsPowerShell\v1.0\;C:\WINDOWS\System32\OpenSSH\;C:\Program Files\dotnet\;C:\Program Files\Git\cmd;C:\ProgramData\ComposerSetup\bin;C:\php\php-8.2.2-Win32-vs16-x64;C:\Program Files\Java\jdk-11.0.2\bin;C:\Program Files\Maven\apache-maven-3.9.0\bin;C:\Users\GIGABYTE GAMING\AppData\Local\Microsoft\WindowsApps;C:\Users\GIGABYTE GAMING\AppData\Local\Programs\Microsoft VS Code\bin;C:\xampp\php;C:\Users\GIGABYTE GAMING\AppData\Roaming\Composer\vendor\bin;."/>
    <property name="java.vendor" value="Oracle Corporation"/>
    <property name="java.vm.info" value="mixed mode"/>
    <property name="java.vm.version" value="11.0.2+9"/>
    <property name="sun.io.unicode.encoding" value="UnicodeLittle"/>
    <property name="java.class.version" value="55.0"/>
  </properties>
  <testcase name="testApp" classname="com.weather.AppTest" time="0.008"/>
</testsuite>